<?xml version="1.0" encoding="UTF-8"?>
<testsuite name="com.terrestris.map.domain.ActivityLogTest" tests="0" skipped="0" failures="0" errors="0" timestamp="1970-01-01T00:00:00" hostname="CHI5PWSDCAMP3" time="0.0">
  <properties/>
  <system-out><![CDATA[11:25:43.586 [Test worker] DEBUG o.s.t.c.j.SpringJUnit4ClassRunner - SpringJUnit4ClassRunner constructor called with [class com.terrestris.map.domain.ActivityLogTest].
11:25:43.601 [Test worker] DEBUG o.s.test.context.BootstrapUtils - Instantiating TestContextBootstrapper from class [org.springframework.test.context.support.DefaultTestContextBootstrapper]
11:25:43.626 [Test worker] DEBUG o.s.t.c.s.DefaultTestContextBootstrapper - Found explicit ContextLoader class [org.springframework.boot.test.SpringApplicationContextLoader] for context configuration attributes [ContextConfigurationAttributes@4a79a64 declaringClass = 'com.terrestris.map.domain.ActivityLogTest', classes = '{class com.terrestris.map.domain.TestApplication}', locations = '{}', inheritLocations = true, initializers = '{}', inheritInitializers = true, name = [null], contextLoaderClass = 'org.springframework.boot.test.SpringApplicationContextLoader']
11:25:43.637 [Test worker] DEBUG o.s.t.c.support.ActiveProfilesUtils - Could not find an 'annotation declaring class' for annotation type [org.springframework.test.context.ActiveProfiles] and class [com.terrestris.map.domain.ActivityLogTest]
11:25:43.647 [Test worker] DEBUG o.s.t.c.s.DefaultTestContextBootstrapper - @TestExecutionListeners is not present for class [com.terrestris.map.domain.ActivityLogTest]: using defaults.
11:25:43.661 [Test worker] INFO  o.s.t.c.s.DefaultTestContextBootstrapper - Loaded default TestExecutionListener class names from location [META-INF/spring.factories]: [org.springframework.test.context.web.ServletTestExecutionListener, org.springframework.test.context.support.DependencyInjectionTestExecutionListener, org.springframework.test.context.support.DirtiesContextTestExecutionListener, org.springframework.test.context.transaction.TransactionalTestExecutionListener, org.springframework.test.context.jdbc.SqlScriptsTestExecutionListener]
11:25:43.689 [Test worker] INFO  o.s.t.c.s.DefaultTestContextBootstrapper - Using TestExecutionListeners: [org.springframework.test.context.web.ServletTestExecutionListener@4668e18b, org.springframework.test.context.support.DependencyInjectionTestExecutionListener@78d708c, org.springframework.test.context.support.DirtiesContextTestExecutionListener@eb3cd85, org.springframework.test.context.transaction.TransactionalTestExecutionListener@5472f47e, org.springframework.test.context.jdbc.SqlScriptsTestExecutionListener@559723c2]
]]></system-out>
  <system-err><![CDATA[]]></system-err>
</testsuite>
