<?xml version="1.0" encoding="UTF-8"?>
<testsuite name="com.terrestris.map.domain.MailSubmissionControllerTest" tests="0" skipped="0" failures="0" errors="0" timestamp="1970-01-01T00:00:00" hostname="CHI5PWSDCAMP3" time="0.0">
  <properties/>
  <system-out><![CDATA[11:25:43.709 [Test worker] DEBUG o.s.t.c.j.SpringJUnit4ClassRunner - SpringJUnit4ClassRunner constructor called with [class com.terrestris.map.domain.MailSubmissionControllerTest].
11:25:43.710 [Test worker] DEBUG o.s.test.context.BootstrapUtils - Instantiating TestContextBootstrapper from class [org.springframework.test.context.web.WebTestContextBootstrapper]
11:25:43.712 [Test worker] DEBUG o.s.t.c.w.WebTestContextBootstrapper - Found explicit ContextLoader class [org.springframework.boot.test.SpringApplicationContextLoader] for context configuration attributes [ContextConfigurationAttributes@635625de declaringClass = 'com.terrestris.map.domain.MailSubmissionControllerTest', classes = '{class com.terrestris.map.Application}', locations = '{}', inheritLocations = true, initializers = '{}', inheritInitializers = true, name = [null], contextLoaderClass = 'org.springframework.boot.test.SpringApplicationContextLoader']
11:25:43.713 [Test worker] DEBUG o.s.t.c.support.ActiveProfilesUtils - Could not find an 'annotation declaring class' for annotation type [org.springframework.test.context.ActiveProfiles] and class [com.terrestris.map.domain.MailSubmissionControllerTest]
11:25:43.713 [Test worker] DEBUG o.s.t.c.w.WebTestContextBootstrapper - @TestExecutionListeners is not present for class [com.terrestris.map.domain.MailSubmissionControllerTest]: using defaults.
11:25:43.719 [Test worker] INFO  o.s.t.c.w.WebTestContextBootstrapper - Loaded default TestExecutionListener class names from location [META-INF/spring.factories]: [org.springframework.test.context.web.ServletTestExecutionListener, org.springframework.test.context.support.DependencyInjectionTestExecutionListener, org.springframework.test.context.support.DirtiesContextTestExecutionListener, org.springframework.test.context.transaction.TransactionalTestExecutionListener, org.springframework.test.context.jdbc.SqlScriptsTestExecutionListener]
11:25:43.720 [Test worker] INFO  o.s.t.c.w.WebTestContextBootstrapper - Using TestExecutionListeners: [org.springframework.test.context.web.ServletTestExecutionListener@59a2d7c7, org.springframework.test.context.support.DependencyInjectionTestExecutionListener@14505368, org.springframework.test.context.support.DirtiesContextTestExecutionListener@3004afbe, org.springframework.test.context.transaction.TransactionalTestExecutionListener@433bda58, org.springframework.test.context.jdbc.SqlScriptsTestExecutionListener@c683117]
]]></system-out>
  <system-err><![CDATA[]]></system-err>
</testsuite>
